<?xml version="1.0" encoding="UTF-8"?>
<!-- Generated by org.testng.reporters.JUnitXMLReporter -->
<testsuite ignored="4" hostname="Ash" failures="0" tests="8" name="Test" time="88.817" errors="0" timestamp="2024-09-23T16:59:07 IST">
  <testcase classname="com.staar.modules.thirdparty.ThirdPartyTest" name="ListOfCustomers" time="1.093"/>
  <testcase classname="com.staar.modules.thirdparty.ThirdPartyTest" name="createThirdParty" time="3.178"/>
  <testcase classname="com.staar.modules.thirdparty.ThirdPartyTest" name="modifyThirdPartyTest" time="4.632"/>
  <testcase classname="com.staar.modules.thirdparty.ThirdPartyTest" name="verifyCreatedThirdPartyInListTest" time="3.176"/>
  <testcase classname="com.staar.modules.commerce.CommerceModuleTest" name="createPropAndReject" time="9.783"/>
  <testcase classname="com.staar.modules.commerce.CommerceModuleTest" name="createSalesOrderAndValidateTest" time="7.238"/>
  <testcase classname="com.staar.modules.commerce.CommerceModuleTest" name="verifyDraftProposalInList" time="7.08"/>
  <testcase classname="com.staar.modules.services.ModifyShipmentAndSendMailTest" name="modifyShipmentAndSendMailTest" time="20.964"/>
  <testcase classname="com.staar.baseutil.BaseClass" name="@BeforeSuite beforeSuite" time="0.0">
    <ignored/>
  </testcase> <!-- @BeforeSuite beforeSuite -->
  <testcase classname="com.staar.baseutil.BaseClass" name="@AfterSuite afterSuite" time="0.0">
    <ignored/>
  </testcase> <!-- @AfterSuite afterSuite -->
  <testcase classname="com.staar.baseutil.BaseClass" name="@AfterSuite afterSuite" time="0.0">
    <ignored/>
  </testcase> <!-- @AfterSuite afterSuite -->
  <testcase classname="com.staar.baseutil.BaseClass" name="@BeforeSuite beforeSuite" time="0.0">
    <ignored/>
  </testcase> <!-- @BeforeSuite beforeSuite -->
</testsuite> <!-- Test -->
