<?xml version="1.0" encoding="UTF-8"?>
<!-- Generated by org.testng.reporters.JUnitXMLReporter -->
<testsuite ignored="0" hostname="Ash" failures="0" tests="3" name="TestRunner-firefox" time="136.499" errors="0" timestamp="2024-09-23T18:00:04 IST">
  <testcase classname="com.staar.modules.commerce.CommerceModuleTest" name="createPropAndReject" time="0.0">
    <skipped/>
  </testcase> <!-- createPropAndReject -->
  <testcase classname="com.staar.modules.commerce.CommerceModuleTest" name="createSalesOrderAndValidateTest" time="0.0">
    <skipped/>
  </testcase> <!-- createSalesOrderAndValidateTest -->
  <testcase classname="com.staar.modules.commerce.CommerceModuleTest" name="verifyDraftProposalInList" time="0.0">
    <skipped/>
  </testcase> <!-- verifyDraftProposalInList -->
</testsuite> <!-- TestRunner-firefox -->
