<?xml version="1.0" encoding="UTF-8"?>
<!-- Generated by org.testng.reporters.JUnitXMLReporter -->
<testsuite ignored="6" hostname="Ash" failures="0" tests="2" name="Test" time="159.563" errors="0" timestamp="2024-09-23T16:06:35 IST">
  <testcase classname="com.vtiger.crm.contacttestwithpom_combinedtests_testng.CreateContactTest" name="createContactTest" time="38.044"/>
  <testcase classname="com.vtiger.crm.orgtestwithpom_combinedtests_testng.CreateOrganizationTest" name="createOrgTest" time="25.917"/>
  <testcase classname="com.vtiger.crm.contacttestwithpom_combinedtests_testng.CreateContactTest" name="createContactWithOrgTest" time="0.0">
    <ignored/>
  </testcase> <!-- createContactWithOrgTest -->
  <testcase classname="com.vtiger.crm.orgtestwithpom_combinedtests_testng.CreateOrganizationTest" name="createOrgWithIndustry" time="0.0">
    <ignored/>
  </testcase> <!-- createOrgWithIndustry -->
  <testcase classname="com.vtiger.crm.basetest.BaseClass" name="@BeforeSuite configBS" time="0.0">
    <ignored/>
  </testcase> <!-- @BeforeSuite configBS -->
  <testcase classname="com.vtiger.crm.orgtestwithpom_combinedtests_testng.CreateOrganizationTest" name="createOrgWithPhNo" time="0.0">
    <ignored/>
  </testcase> <!-- createOrgWithPhNo -->
  <testcase classname="com.vtiger.crm.contacttestwithpom_combinedtests_testng.CreateContactTest" name="createContactWithSupportDateTest" time="0.0">
    <ignored/>
  </testcase> <!-- createContactWithSupportDateTest -->
  <testcase classname="com.vtiger.crm.basetest.BaseClass" name="@AfterSuite configAS" time="0.0">
    <ignored/>
  </testcase> <!-- @AfterSuite configAS -->
</testsuite> <!-- Test -->
