<?xml version="1.0" encoding="UTF-8"?>
<!-- Generated by org.testng.reporters.JUnitXMLReporter -->
<testsuite ignored="3" hostname="Ash" failures="0" tests="1" name="Default test" time="30.494" errors="0" timestamp="2024-09-24T11:12:10 IST">
  <testcase classname="com.staar.modules.thirdparty.ThirdPartyTest" name="createThirdParty" time="5.798"/>
  <testcase classname="com.staar.modules.thirdparty.ThirdPartyTest" name="ListOfCustomers" time="0.0">
    <ignored/>
  </testcase> <!-- ListOfCustomers -->
  <testcase classname="com.staar.modules.thirdparty.ThirdPartyTest" name="verifyCreatedThirdPartyInListTest" time="0.0">
    <ignored/>
  </testcase> <!-- verifyCreatedThirdPartyInListTest -->
  <testcase classname="com.staar.modules.thirdparty.ThirdPartyTest" name="modifyThirdPartyTest" time="0.0">
    <ignored/>
  </testcase> <!-- modifyThirdPartyTest -->
</testsuite> <!-- Default test -->
