<?xml version="1.0" encoding="UTF-8"?>
<testng-results ignored="6" total="8" passed="2" failed="0" skipped="0">
  <reporter-output>
  </reporter-output>
  <suite started-at="2024-09-23T16:03:55 IST" name="Suite" finished-at="2024-09-23T16:06:35 IST" duration-ms="159563">
    <groups>
      <group name="smokeTest">
        <method signature="CreateContactTest.createContactTest()[pri:0, instance:com.vtiger.crm.contacttestwithpom_combinedtests_testng.CreateContactTest@158d2680]" name="createContactTest" class="com.vtiger.crm.contacttestwithpom_combinedtests_testng.CreateContactTest"/>
        <method signature="CreateOrganizationTest.createOrgTest()[pri:0, instance:com.vtiger.crm.orgtestwithpom_combinedtests_testng.CreateOrganizationTest@6adbc9d]" name="createOrgTest" class="com.vtiger.crm.orgtestwithpom_combinedtests_testng.CreateOrganizationTest"/>
      </group> <!-- smokeTest -->
    </groups>
    <test started-at="2024-09-23T16:03:55 IST" name="Test" finished-at="2024-09-23T16:06:35 IST" duration-ms="159563">
      <class name="com.vtiger.crm.contacttestwithpom_combinedtests_testng.CreateContactTest">
        <test-method is-config="true" signature="configBS()[pri:0, instance:com.vtiger.crm.contacttestwithpom_combinedtests_testng.CreateContactTest@158d2680]" started-at="2024-09-23T16:03:54 IST" name="configBS" finished-at="2024-09-23T16:03:55 IST" duration-ms="1036" status="PASS">
          <reporter-output>
          </reporter-output>
        </test-method> <!-- configBS -->
        <test-method is-config="true" signature="configBC()[pri:0, instance:com.vtiger.crm.contacttestwithpom_combinedtests_testng.CreateContactTest@158d2680]" started-at="2024-09-23T16:03:55 IST" name="configBC" finished-at="2024-09-23T16:04:16 IST" duration-ms="20302" status="PASS">
          <reporter-output>
          </reporter-output>
        </test-method> <!-- configBC -->
        <test-method is-config="true" signature="configBM()[pri:0, instance:com.vtiger.crm.contacttestwithpom_combinedtests_testng.CreateContactTest@158d2680]" started-at="2024-09-23T16:04:16 IST" name="configBM" finished-at="2024-09-23T16:04:47 IST" duration-ms="31554" status="PASS">
          <reporter-output>
          </reporter-output>
        </test-method> <!-- configBM -->
        <test-method signature="createContactTest()[pri:0, instance:com.vtiger.crm.contacttestwithpom_combinedtests_testng.CreateContactTest@158d2680]" started-at="2024-09-23T16:04:47 IST" name="createContactTest" finished-at="2024-09-23T16:05:25 IST" duration-ms="38044" status="PASS">
          <reporter-output>
          </reporter-output>
        </test-method> <!-- createContactTest -->
        <test-method is-config="true" signature="configAM()[pri:0, instance:com.vtiger.crm.contacttestwithpom_combinedtests_testng.CreateContactTest@158d2680]" started-at="2024-09-23T16:05:25 IST" name="configAM" finished-at="2024-09-23T16:05:39 IST" duration-ms="13756" status="PASS">
          <reporter-output>
          </reporter-output>
        </test-method> <!-- configAM -->
        <test-method is-config="true" signature="configAC()[pri:0, instance:com.vtiger.crm.contacttestwithpom_combinedtests_testng.CreateContactTest@158d2680]" started-at="2024-09-23T16:05:39 IST" name="configAC" finished-at="2024-09-23T16:05:40 IST" duration-ms="1118" status="PASS">
          <reporter-output>
          </reporter-output>
        </test-method> <!-- configAC -->
        <test-method is-config="true" signature="configAS()[pri:0, instance:com.vtiger.crm.contacttestwithpom_combinedtests_testng.CreateContactTest@158d2680]" started-at="2024-09-23T16:06:35 IST" name="configAS" finished-at="2024-09-23T16:06:35 IST" duration-ms="6" status="PASS">
          <reporter-output>
          </reporter-output>
        </test-method> <!-- configAS -->
      </class> <!-- com.vtiger.crm.contacttestwithpom_combinedtests_testng.CreateContactTest -->
      <class name="com.vtiger.crm.orgtestwithpom_combinedtests_testng.CreateOrganizationTest">
        <test-method is-config="true" signature="configBC()[pri:0, instance:com.vtiger.crm.orgtestwithpom_combinedtests_testng.CreateOrganizationTest@6adbc9d]" started-at="2024-09-23T16:05:40 IST" name="configBC" finished-at="2024-09-23T16:05:44 IST" duration-ms="3546" status="PASS">
          <reporter-output>
          </reporter-output>
        </test-method> <!-- configBC -->
        <test-method is-config="true" signature="configBM()[pri:0, instance:com.vtiger.crm.orgtestwithpom_combinedtests_testng.CreateOrganizationTest@6adbc9d]" started-at="2024-09-23T16:05:44 IST" name="configBM" finished-at="2024-09-23T16:05:53 IST" duration-ms="9733" status="PASS">
          <reporter-output>
          </reporter-output>
        </test-method> <!-- configBM -->
        <test-method signature="createOrgTest()[pri:0, instance:com.vtiger.crm.orgtestwithpom_combinedtests_testng.CreateOrganizationTest@6adbc9d]" started-at="2024-09-23T16:05:54 IST" name="createOrgTest" finished-at="2024-09-23T16:06:19 IST" duration-ms="25917" status="PASS">
          <reporter-output>
          </reporter-output>
        </test-method> <!-- createOrgTest -->
        <test-method is-config="true" signature="configAM()[pri:0, instance:com.vtiger.crm.orgtestwithpom_combinedtests_testng.CreateOrganizationTest@6adbc9d]" started-at="2024-09-23T16:06:19 IST" name="configAM" finished-at="2024-09-23T16:06:33 IST" duration-ms="13144" status="PASS">
          <reporter-output>
          </reporter-output>
        </test-method> <!-- configAM -->
        <test-method is-config="true" signature="configAC()[pri:0, instance:com.vtiger.crm.orgtestwithpom_combinedtests_testng.CreateOrganizationTest@6adbc9d]" started-at="2024-09-23T16:06:33 IST" name="configAC" finished-at="2024-09-23T16:06:35 IST" duration-ms="2350" status="PASS">
          <reporter-output>
          </reporter-output>
        </test-method> <!-- configAC -->
      </class> <!-- com.vtiger.crm.orgtestwithpom_combinedtests_testng.CreateOrganizationTest -->
    </test> <!-- Test -->
  </suite> <!-- Suite -->
</testng-results>
